# JRE version: Java(TM) SE Runtime Environment (17.0.7+8) (build 17.0.7+8-LTS-224)
# Java VM: Java HotSpot(TM) 64-Bit Server VM (17.0.7+8-LTS-224, mixed mode, sharing, tiered, compressed oops, compressed class ptrs, g1 gc, windows-amd64)
GC Precious Log:
 CPUs: 8 total, 8 available
 Memory: 6082M
 Large Page Support: Disabled
 NUMA Support: Disabled
 Compressed Oops: Enabled (32-bit)
 Heap Region Size: 1M
 Heap Min Capacity: 8M
 Heap Initial Capacity: 96M
 Heap Max Capacity: 2G
 Pre-touch: Disabled
 Parallel Workers: 8
 Concurrent Workers: 2
 Concurrent Refinement Workers: 8
 Periodic GC: Disabled
Heap:
 garbage-first heap   total 234496K, used 193853K [0x0000000080000000, 0x0000000100000000)
  region size 1024K, 28 young (28672K), 4 survivors (4096K)
 Metaspace       used 121071K, committed 122048K, reserved 528384K
  class space    used 16064K, committed 16512K, reserved 421888K
GC Heap History (20 events):
Event: 34.631 GC heap before
{Heap before GC invocations=39 (full 0):
 garbage-first heap   total 208896K, used 169317K [0x0000000080000000, 0x0000000100000000)
  region size 1024K, 49 young (50176K), 6 survivors (6144K)
 Metaspace       used 102199K, committed 103040K, reserved 512000K
  class space    used 13910K, committed 14272K, reserved 421888K
}
Event: 34.643 GC heap after
{Heap after GC invocations=40 (full 0):
 garbage-first heap   total 208896K, used 133254K [0x0000000080000000, 0x0000000100000000)
  region size 1024K, 7 young (7168K), 7 survivors (7168K)
 Metaspace       used 102199K, committed 103040K, reserved 512000K
  class space    used 13910K, committed 14272K, reserved 421888K
}
Event: 45.197 GC heap before
{Heap before GC invocations=41 (full 0):
 garbage-first heap   total 234496K, used 169094K [0x0000000080000000, 0x0000000100000000)
  region size 1024K, 43 young (44032K), 7 survivors (7168K)
 Metaspace       used 103058K, committed 103872K, reserved 512000K
  class space    used 13983K, committed 14336K, reserved 421888K
}
Event: 45.208 GC heap after
{Heap after GC invocations=42 (full 0):
 garbage-first heap   total 234496K, used 138107K [0x0000000080000000, 0x0000000100000000)
  region size 1024K, 5 young (5120K), 5 survivors (5120K)
 Metaspace       used 103058K, committed 103872K, reserved 512000K
  class space    used 13983K, committed 14336K, reserved 421888K
}
Event: 45.368 GC heap before
{Heap before GC invocations=42 (full 0):
 garbage-first heap   total 234496K, used 143227K [0x0000000080000000, 0x0000000100000000)
  region size 1024K, 11 young (11264K), 5 survivors (5120K)
 Metaspace       used 103257K, committed 104128K, reserved 512000K
  class space    used 14016K, committed 14400K, reserved 421888K
}
Event: 45.376 GC heap after
{Heap after GC invocations=43 (full 0):
 garbage-first heap   total 234496K, used 138129K [0x0000000080000000, 0x0000000100000000)
  region size 1024K, 1 young (1024K), 1 survivors (1024K)
 Metaspace       used 103257K, committed 104128K, reserved 512000K
  class space    used 14016K, committed 14400K, reserved 421888K
}
Event: 46.389 GC heap before
{Heap before GC invocations=43 (full 0):
 garbage-first heap   total 234496K, used 189329K [0x0000000080000000, 0x0000000100000000)
  region size 1024K, 52 young (53248K), 1 survivors (1024K)
 Metaspace       used 104730K, committed 105664K, reserved 520192K
  class space    used 14156K, committed 14592K, reserved 421888K
}
Event: 46.396 GC heap after
{Heap after GC invocations=44 (full 0):
 garbage-first heap   total 234496K, used 142491K [0x0000000080000000, 0x0000000100000000)
  region size 1024K, 6 young (6144K), 6 survivors (6144K)
 Metaspace       used 104730K, committed 105664K, reserved 520192K
  class space    used 14156K, committed 14592K, reserved 421888K
}
Event: 49.953 GC heap before
{Heap before GC invocations=44 (full 0):
 garbage-first heap   total 234496K, used 190619K [0x0000000080000000, 0x0000000100000000)
  region size 1024K, 54 young (55296K), 6 survivors (6144K)
 Metaspace       used 104855K, committed 105792K, reserved 520192K
  class space    used 14157K, committed 14592K, reserved 421888K
}
Event: 49.959 GC heap after
{Heap after GC invocations=45 (full 0):
 garbage-first heap   total 234496K, used 145131K [0x0000000080000000, 0x0000000100000000)
  region size 1024K, 3 young (3072K), 3 survivors (3072K)
 Metaspace       used 104855K, committed 105792K, reserved 520192K
  class space    used 14157K, committed 14592K, reserved 421888K
}
Event: 50.925 GC heap before
{Heap before GC invocations=45 (full 0):
 garbage-first heap   total 234496K, used 201451K [0x0000000080000000, 0x0000000100000000)
  region size 1024K, 51 young (52224K), 3 survivors (3072K)
 Metaspace       used 106940K, committed 107840K, reserved 520192K
  class space    used 14419K, committed 14848K, reserved 421888K
}
Event: 50.933 GC heap after
{Heap after GC invocations=46 (full 0):
 garbage-first heap   total 234496K, used 148281K [0x0000000080000000, 0x0000000100000000)
  region size 1024K, 6 young (6144K), 6 survivors (6144K)
 Metaspace       used 106940K, committed 107840K, reserved 520192K
  class space    used 14419K, committed 14848K, reserved 421888K
}
Event: 51.438 GC heap before
{Heap before GC invocations=46 (full 0):
 garbage-first heap   total 234496K, used 207673K [0x0000000080000000, 0x0000000100000000)
  region size 1024K, 53 young (54272K), 6 survivors (6144K)
 Metaspace       used 109089K, committed 110080K, reserved 520192K
  class space    used 14677K, committed 15104K, reserved 421888K
}
Event: 51.448 GC heap after
{Heap after GC invocations=47 (full 0):
 garbage-first heap   total 234496K, used 152129K [0x0000000080000000, 0x0000000100000000)
  region size 1024K, 7 young (7168K), 7 survivors (7168K)
 Metaspace       used 109089K, committed 110080K, reserved 520192K
  class space    used 14677K, committed 15104K, reserved 421888K
}
Event: 52.529 GC heap before
{Heap before GC invocations=47 (full 0):
 garbage-first heap   total 234496K, used 197185K [0x0000000080000000, 0x0000000100000000)
  region size 1024K, 52 young (53248K), 7 survivors (7168K)
 Metaspace       used 110514K, committed 111552K, reserved 520192K
  class space    used 14823K, committed 15296K, reserved 421888K
}
Event: 52.540 GC heap after
{Heap after GC invocations=48 (full 0):
 garbage-first heap   total 234496K, used 156939K [0x0000000080000000, 0x0000000100000000)
  region size 1024K, 5 young (5120K), 5 survivors (5120K)
 Metaspace       used 110514K, committed 111552K, reserved 520192K
  class space    used 14823K, committed 15296K, reserved 421888K
}
Event: 55.462 GC heap before
{Heap before GC invocations=48 (full 0):
 garbage-first heap   total 234496K, used 204043K [0x0000000080000000, 0x0000000100000000)
  region size 1024K, 45 young (46080K), 5 survivors (5120K)
 Metaspace       used 118152K, committed 119104K, reserved 528384K
  class space    used 15763K, committed 16192K, reserved 421888K
}
Event: 55.475 GC heap after
{Heap after GC invocations=49 (full 0):
 garbage-first heap   total 234496K, used 170081K [0x0000000080000000, 0x0000000100000000)
  region size 1024K, 6 young (6144K), 6 survivors (6144K)
 Metaspace       used 118152K, committed 119104K, reserved 528384K
  class space    used 15763K, committed 16192K, reserved 421888K
}
Event: 57.007 GC heap before
{Heap before GC invocations=49 (full 0):
 garbage-first heap   total 234496K, used 195681K [0x0000000080000000, 0x0000000100000000)
  region size 1024K, 32 young (32768K), 6 survivors (6144K)
 Metaspace       used 120866K, committed 121792K, reserved 528384K
  class space    used 16031K, committed 16448K, reserved 421888K
}
Event: 57.016 GC heap after
{Heap after GC invocations=50 (full 0):
 garbage-first heap   total 234496K, used 171325K [0x0000000080000000, 0x0000000100000000)
  region size 1024K, 4 young (4096K), 4 survivors (4096K)
 Metaspace       used 120866K, committed 121792K, reserved 528384K
  class space    used 16031K, committed 16448K, reserved 421888K
}

