# JRE version: Java(TM) SE Runtime Environment (17.0.7+8) (build 17.0.7+8-LTS-224)
# Java VM: Java HotSpot(TM) 64-Bit Server VM (17.0.7+8-LTS-224, mixed mode, sharing, tiered, compressed oops, compressed class ptrs, g1 gc, windows-amd64)
GC Precious Log:
 CPUs: 8 total, 8 available
 Memory: 6082M
 Large Page Support: Disabled
 NUMA Support: Disabled
 Compressed Oops: Enabled (32-bit)
 Heap Region Size: 1M
 Heap Min Capacity: 8M
 Heap Initial Capacity: 96M
 Heap Max Capacity: 2G
 Pre-touch: Disabled
 Parallel Workers: 8
 Concurrent Workers: 2
 Concurrent Refinement Workers: 8
 Periodic GC: Disabled
Heap:
 garbage-first heap   total 78848K, used 42949K [0x0000000080000000, 0x0000000100000000)
  region size 1024K, 10 young (10240K), 3 survivors (3072K)
 Metaspace       used 42269K, committed 42816K, reserved 462848K
  class space    used 5928K, committed 6208K, reserved 421888K
GC Heap History (20 events):
Event: 2.359 GC heap before
{Heap before GC invocations=1 (full 0):
 garbage-first heap   total 98304K, used 38944K [0x0000000080000000, 0x0000000100000000)
  region size 1024K, 30 young (30720K), 3 survivors (3072K)
 Metaspace       used 3930K, committed 4096K, reserved 430080K
  class space    used 475K, committed 576K, reserved 421888K
}
Event: 2.369 GC heap after
{Heap after GC invocations=2 (full 0):
 garbage-first heap   total 98304K, used 13312K [0x0000000080000000, 0x0000000100000000)
  region size 1024K, 3 young (3072K), 3 survivors (3072K)
 Metaspace       used 3930K, committed 4096K, reserved 430080K
  class space    used 475K, committed 576K, reserved 421888K
}
Event: 5.200 GC heap before
{Heap before GC invocations=2 (full 0):
 garbage-first heap   total 98304K, used 66560K [0x0000000080000000, 0x0000000100000000)
  region size 1024K, 55 young (56320K), 3 survivors (3072K)
 Metaspace       used 14035K, committed 14336K, reserved 438272K
  class space    used 1989K, committed 2112K, reserved 421888K
}
Event: 5.211 GC heap after
{Heap after GC invocations=3 (full 0):
 garbage-first heap   total 98304K, used 19437K [0x0000000080000000, 0x0000000100000000)
  region size 1024K, 7 young (7168K), 7 survivors (7168K)
 Metaspace       used 14035K, committed 14336K, reserved 438272K
  class space    used 1989K, committed 2112K, reserved 421888K
}
Event: 6.726 GC heap before
{Heap before GC invocations=3 (full 0):
 garbage-first heap   total 98304K, used 61421K [0x0000000080000000, 0x0000000100000000)
  region size 1024K, 49 young (50176K), 7 survivors (7168K)
 Metaspace       used 20277K, committed 20608K, reserved 446464K
  class space    used 3004K, committed 3136K, reserved 421888K
}
Event: 6.737 GC heap after
{Heap after GC invocations=4 (full 0):
 garbage-first heap   total 98304K, used 21820K [0x0000000080000000, 0x0000000100000000)
  region size 1024K, 3 young (3072K), 3 survivors (3072K)
 Metaspace       used 20277K, committed 20608K, reserved 446464K
  class space    used 3004K, committed 3136K, reserved 421888K
}
Event: 6.989 GC heap before
{Heap before GC invocations=4 (full 0):
 garbage-first heap   total 98304K, used 27964K [0x0000000080000000, 0x0000000100000000)
  region size 1024K, 10 young (10240K), 3 survivors (3072K)
 Metaspace       used 21133K, committed 21504K, reserved 446464K
  class space    used 3130K, committed 3328K, reserved 421888K
}
Event: 6.993 GC heap after
{Heap after GC invocations=5 (full 0):
 garbage-first heap   total 98304K, used 21895K [0x0000000080000000, 0x0000000100000000)
  region size 1024K, 3 young (3072K), 3 survivors (3072K)
 Metaspace       used 21133K, committed 21504K, reserved 446464K
  class space    used 3130K, committed 3328K, reserved 421888K
}
Event: 8.221 GC heap before
{Heap before GC invocations=6 (full 0):
 garbage-first heap   total 78848K, used 65927K [0x0000000080000000, 0x0000000100000000)
  region size 1024K, 46 young (47104K), 3 survivors (3072K)
 Metaspace       used 28710K, committed 29056K, reserved 454656K
  class space    used 4030K, committed 4224K, reserved 421888K
}
Event: 8.229 GC heap after
{Heap after GC invocations=7 (full 0):
 garbage-first heap   total 78848K, used 26853K [0x0000000080000000, 0x0000000100000000)
  region size 1024K, 6 young (6144K), 6 survivors (6144K)
 Metaspace       used 28710K, committed 29056K, reserved 454656K
  class space    used 4030K, committed 4224K, reserved 421888K
}
Event: 8.874 GC heap before
{Heap before GC invocations=7 (full 0):
 garbage-first heap   total 78848K, used 59621K [0x0000000080000000, 0x0000000100000000)
  region size 1024K, 36 young (36864K), 6 survivors (6144K)
 Metaspace       used 31488K, committed 31808K, reserved 454656K
  class space    used 4340K, committed 4480K, reserved 421888K
}
Event: 8.885 GC heap after
{Heap after GC invocations=8 (full 0):
 garbage-first heap   total 78848K, used 30476K [0x0000000080000000, 0x0000000100000000)
  region size 1024K, 4 young (4096K), 4 survivors (4096K)
 Metaspace       used 31488K, committed 31808K, reserved 454656K
  class space    used 4340K, committed 4480K, reserved 421888K
}
Event: 14.233 GC heap before
{Heap before GC invocations=8 (full 0):
 garbage-first heap   total 78848K, used 58124K [0x0000000080000000, 0x0000000100000000)
  region size 1024K, 31 young (31744K), 4 survivors (4096K)
 Metaspace       used 33232K, committed 33728K, reserved 454656K
  class space    used 4606K, committed 4800K, reserved 421888K
}
Event: 14.239 GC heap after
{Heap after GC invocations=9 (full 0):
 garbage-first heap   total 78848K, used 32985K [0x0000000080000000, 0x0000000100000000)
  region size 1024K, 3 young (3072K), 3 survivors (3072K)
 Metaspace       used 33232K, committed 33728K, reserved 454656K
  class space    used 4606K, committed 4800K, reserved 421888K
}
Event: 14.687 GC heap before
{Heap before GC invocations=9 (full 0):
 garbage-first heap   total 78848K, used 57561K [0x0000000080000000, 0x0000000100000000)
  region size 1024K, 28 young (28672K), 3 survivors (3072K)
 Metaspace       used 35483K, committed 35968K, reserved 454656K
  class space    used 4856K, committed 5120K, reserved 421888K
}
Event: 14.690 GC heap after
{Heap after GC invocations=10 (full 0):
 garbage-first heap   total 78848K, used 34209K [0x0000000080000000, 0x0000000100000000)
  region size 1024K, 2 young (2048K), 2 survivors (2048K)
 Metaspace       used 35483K, committed 35968K, reserved 454656K
  class space    used 4856K, committed 5120K, reserved 421888K
}
Event: 15.351 GC heap before
{Heap before GC invocations=11 (full 0):
 garbage-first heap   total 78848K, used 59809K [0x0000000080000000, 0x0000000100000000)
  region size 1024K, 28 young (28672K), 2 survivors (2048K)
 Metaspace       used 38669K, committed 39168K, reserved 462848K
  class space    used 5391K, committed 5632K, reserved 421888K
}
Event: 15.355 GC heap after
{Heap after GC invocations=12 (full 0):
 garbage-first heap   total 78848K, used 35661K [0x0000000080000000, 0x0000000100000000)
  region size 1024K, 3 young (3072K), 3 survivors (3072K)
 Metaspace       used 38669K, committed 39168K, reserved 462848K
  class space    used 5391K, committed 5632K, reserved 421888K
}
Event: 15.983 GC heap before
{Heap before GC invocations=12 (full 0):
 garbage-first heap   total 78848K, used 60237K [0x0000000080000000, 0x0000000100000000)
  region size 1024K, 28 young (28672K), 3 survivors (3072K)
 Metaspace       used 41761K, committed 42368K, reserved 462848K
  class space    used 5833K, committed 6144K, reserved 421888K
}
Event: 15.987 GC heap after
{Heap after GC invocations=13 (full 0):
 garbage-first heap   total 78848K, used 36805K [0x0000000080000000, 0x0000000100000000)
  region size 1024K, 3 young (3072K), 3 survivors (3072K)
 Metaspace       used 41761K, committed 42368K, reserved 462848K
  class space    used 5833K, committed 6144K, reserved 421888K
}

