# JRE version: Java(TM) SE Runtime Environment (17.0.7+8) (build 17.0.7+8-LTS-224)
# Java VM: Java HotSpot(TM) 64-Bit Server VM (17.0.7+8-LTS-224, mixed mode, sharing, tiered, compressed oops, compressed class ptrs, g1 gc, windows-amd64)
GC Precious Log:
 CPUs: 8 total, 8 available
 Memory: 6082M
 Large Page Support: Disabled
 NUMA Support: Disabled
 Compressed Oops: Enabled (32-bit)
 Heap Region Size: 1M
 Heap Min Capacity: 8M
 Heap Initial Capacity: 96M
 Heap Max Capacity: 2G
 Pre-touch: Disabled
 Parallel Workers: 8
 Concurrent Workers: 2
 Concurrent Refinement Workers: 8
 Periodic GC: Disabled
Heap:
 garbage-first heap   total 103424K, used 61331K [0x0000000080000000, 0x0000000100000000)
  region size 1024K, 3 young (3072K), 3 survivors (3072K)
 Metaspace       used 62081K, committed 62720K, reserved 479232K
  class space    used 8672K, committed 8960K, reserved 421888K
GC Heap History (20 events):
Event: 9.068 GC heap after
{Heap after GC invocations=10 (full 0):
 garbage-first heap   total 103424K, used 34667K [0x0000000080000000, 0x0000000100000000)
  region size 1024K, 3 young (3072K), 3 survivors (3072K)
 Metaspace       used 35563K, committed 36096K, reserved 454656K
  class space    used 4863K, committed 5120K, reserved 421888K
}
Event: 9.771 GC heap before
{Heap before GC invocations=11 (full 0):
 garbage-first heap   total 103424K, used 79723K [0x0000000080000000, 0x0000000100000000)
  region size 1024K, 47 young (48128K), 3 survivors (3072K)
 Metaspace       used 41021K, committed 41600K, reserved 462848K
  class space    used 5712K, committed 5952K, reserved 421888K
}
Event: 9.776 GC heap after
{Heap after GC invocations=12 (full 0):
 garbage-first heap   total 103424K, used 36748K [0x0000000080000000, 0x0000000100000000)
  region size 1024K, 5 young (5120K), 5 survivors (5120K)
 Metaspace       used 41021K, committed 41600K, reserved 462848K
  class space    used 5712K, committed 5952K, reserved 421888K
}
Event: 9.789 GC heap before
{Heap before GC invocations=12 (full 0):
 garbage-first heap   total 103424K, used 37772K [0x0000000080000000, 0x0000000100000000)
  region size 1024K, 6 young (6144K), 5 survivors (5120K)
 Metaspace       used 41159K, committed 41792K, reserved 462848K
  class space    used 5731K, committed 6016K, reserved 421888K
}
Event: 9.793 GC heap after
{Heap after GC invocations=13 (full 0):
 garbage-first heap   total 103424K, used 37221K [0x0000000080000000, 0x0000000100000000)
  region size 1024K, 1 young (1024K), 1 survivors (1024K)
 Metaspace       used 41159K, committed 41792K, reserved 462848K
  class space    used 5731K, committed 6016K, reserved 421888K
}
Event: 14.177 GC heap before
{Heap before GC invocations=13 (full 0):
 garbage-first heap   total 103424K, used 87397K [0x0000000080000000, 0x0000000100000000)
  region size 1024K, 44 young (45056K), 1 survivors (1024K)
 Metaspace       used 46041K, committed 46656K, reserved 462848K
  class space    used 6421K, committed 6720K, reserved 421888K
}
Event: 14.182 GC heap after
{Heap after GC invocations=14 (full 0):
 garbage-first heap   total 103424K, used 47073K [0x0000000080000000, 0x0000000100000000)
  region size 1024K, 5 young (5120K), 5 survivors (5120K)
 Metaspace       used 46041K, committed 46656K, reserved 462848K
  class space    used 6421K, committed 6720K, reserved 421888K
}
Event: 14.831 GC heap before
{Heap before GC invocations=14 (full 0):
 garbage-first heap   total 103424K, used 81889K [0x0000000080000000, 0x0000000100000000)
  region size 1024K, 39 young (39936K), 5 survivors (5120K)
 Metaspace       used 49823K, committed 50368K, reserved 471040K
  class space    used 6979K, committed 7232K, reserved 421888K
}
Event: 14.836 GC heap after
{Heap after GC invocations=15 (full 0):
 garbage-first heap   total 103424K, used 49236K [0x0000000080000000, 0x0000000100000000)
  region size 1024K, 3 young (3072K), 3 survivors (3072K)
 Metaspace       used 49823K, committed 50368K, reserved 471040K
  class space    used 6979K, committed 7232K, reserved 421888K
}
Event: 15.248 GC heap before
{Heap before GC invocations=15 (full 0):
 garbage-first heap   total 103424K, used 83028K [0x0000000080000000, 0x0000000100000000)
  region size 1024K, 36 young (36864K), 3 survivors (3072K)
 Metaspace       used 54085K, committed 54720K, reserved 471040K
  class space    used 7534K, committed 7808K, reserved 421888K
}
Event: 15.253 GC heap after
{Heap after GC invocations=16 (full 0):
 garbage-first heap   total 103424K, used 51511K [0x0000000080000000, 0x0000000100000000)
  region size 1024K, 5 young (5120K), 5 survivors (5120K)
 Metaspace       used 54085K, committed 54720K, reserved 471040K
  class space    used 7534K, committed 7808K, reserved 421888K
}
Event: 15.691 GC heap before
{Heap before GC invocations=17 (full 0):
 garbage-first heap   total 103424K, used 83255K [0x0000000080000000, 0x0000000100000000)
  region size 1024K, 36 young (36864K), 5 survivors (5120K)
 Metaspace       used 56202K, committed 56832K, reserved 471040K
  class space    used 7833K, committed 8128K, reserved 421888K
}
Event: 15.697 GC heap after
{Heap after GC invocations=18 (full 0):
 garbage-first heap   total 103424K, used 53642K [0x0000000080000000, 0x0000000100000000)
  region size 1024K, 5 young (5120K), 5 survivors (5120K)
 Metaspace       used 56202K, committed 56832K, reserved 471040K
  class space    used 7833K, committed 8128K, reserved 421888K
}
Event: 15.719 GC heap before
{Heap before GC invocations=18 (full 0):
 garbage-first heap   total 103424K, used 54666K [0x0000000080000000, 0x0000000100000000)
  region size 1024K, 6 young (6144K), 5 survivors (5120K)
 Metaspace       used 56283K, committed 56896K, reserved 471040K
  class space    used 7847K, committed 8128K, reserved 421888K
}
Event: 15.725 GC heap after
{Heap after GC invocations=19 (full 0):
 garbage-first heap   total 103424K, used 53770K [0x0000000080000000, 0x0000000100000000)
  region size 1024K, 1 young (1024K), 1 survivors (1024K)
 Metaspace       used 56283K, committed 56896K, reserved 471040K
  class space    used 7847K, committed 8128K, reserved 421888K
}
Event: 16.451 GC heap before
{Heap before GC invocations=19 (full 0):
 garbage-first heap   total 103424K, used 83466K [0x0000000080000000, 0x0000000100000000)
  region size 1024K, 30 young (30720K), 1 survivors (1024K)
 Metaspace       used 58356K, committed 58944K, reserved 479232K
  class space    used 8154K, committed 8384K, reserved 421888K
}
Event: 16.454 GC heap after
{Heap after GC invocations=20 (full 0):
 garbage-first heap   total 103424K, used 55891K [0x0000000080000000, 0x0000000100000000)
  region size 1024K, 3 young (3072K), 3 survivors (3072K)
 Metaspace       used 58356K, committed 58944K, reserved 479232K
  class space    used 8154K, committed 8384K, reserved 421888K
}
Event: 17.095 GC heap before
{Heap before GC invocations=21 (full 0):
 garbage-first heap   total 103424K, used 82515K [0x0000000080000000, 0x0000000100000000)
  region size 1024K, 30 young (30720K), 3 survivors (3072K)
 Metaspace       used 60653K, committed 61248K, reserved 479232K
  class space    used 8510K, committed 8768K, reserved 421888K
}
Event: 17.101 GC heap after
{Heap after GC invocations=22 (full 0):
 garbage-first heap   total 103424K, used 58990K [0x0000000080000000, 0x0000000100000000)
  region size 1024K, 4 young (4096K), 4 survivors (4096K)
 Metaspace       used 60653K, committed 61248K, reserved 479232K
  class space    used 8510K, committed 8768K, reserved 421888K
}
Event: 17.659 GC heap before
{Heap before GC invocations=22 (full 0):
 garbage-first heap   total 103424K, used 83566K [0x0000000080000000, 0x0000000100000000)
  region size 1024K, 28 young (28672K), 4 survivors (4096K)
 Metaspace       used 62081K, committed 62720K, reserved 479232K
  class space    used 8672K, committed 8960K, reserved 421888K
}

